{
  "RSpec": {
    "coverage": {
      "/Users/bebesuk/Documents/bpohoriletz.github.io/samples/two_level_deep_service_objects/user_updater.rb": [
        1,
        null,
        1,
        1,
        1,
        1,
        1,
        null,
        1,
        1,
        null,
        1,
        5,
        5,
        null,
        5,
        5,
        5,
        5,
        null,
        5,
        5,
        null,
        5,
        5,
        110,
        null,
        null,
        5,
        null,
        10,
        7,
        null,
        4,
        null,
        null,
        1,
        null,
        1,
        null,
        1,
        5,
        5,
        5,
        5,
        5,
        null,
        null,
        1,
        10,
        null,
        null,
        1,
        10,
        5,
        null,
        null,
        1,
        10,
        10,
        null,
        null,
        1,
        8,
        null,
        null,
        1,
        5,
        null,
        null,
        1,
        9,
        10,
        10,
        9,
        null,
        null,
        1,
        null,
        1,
        null,
        null,
        1,
        5,
        null,
        null,
        1,
        110,
        11,
        1,
        1,
        null,
        10,
        null,
        null,
        null,
        1,
        5,
        null,
        null,
        1,
        5,
        5,
        null,
        null
      ],
      "/Users/bebesuk/Documents/bpohoriletz.github.io/samples/two_level_deep_service_objects/dependencies.rb": [
        1,
        1,
        1,
        1,
        null,
        1,
        1,
        0,
        null,
        null,
        1,
        4,
        null,
        null,
        null,
        1,
        1,
        1,
        1,
        1,
        1,
        1,
        1,
        1,
        null,
        1,
        4,
        null,
        null,
        1,
        4,
        null,
        null,
        1,
        4,
        null,
        null,
        1,
        5,
        null,
        null,
        1,
        5,
        null,
        null,
        null,
        1,
        1,
        1,
        1,
        1,
        1,
        1,
        null,
        1,
        5,
        null,
        null,
        1,
        5,
        null,
        null,
        null,
        1,
        1,
        1,
        null,
        1,
        5,
        null,
        null,
        null,
        1,
        1,
        1,
        1,
        null,
        1,
        5,
        null,
        null,
        1,
        5,
        null,
        null,
        null,
        1,
        1,
        null,
        null,
        null,
        null,
        null,
        null,
        1,
        null,
        null,
        null,
        null,
        null,
        null,
        1,
        null,
        null,
        null,
        null,
        null,
        null,
        null,
        null,
        null,
        null,
        null,
        null,
        null,
        null,
        null,
        null,
        null,
        null,
        null,
        null,
        null,
        null,
        null,
        null,
        1,
        null,
        1,
        5,
        null,
        null
      ]
    },
    "timestamp": 1529636507
  }
}
